commit 4bc86681ea15a5c5321f46346149075bdae17ca5
Merge: 126c786 b76c00a
Author: SoyFroylanMtz <139150923+SoyFroylanMtz@users.noreply.github.com>
Date:   Wed May 22 18:40:06 2024 -0600

    Merge pull request #6 from RosaMartinez23/cambios
    
    Modificaciones interfaz Owner y Company

commit b76c00ab15f78528f596ecb534e139513f9b9744
Author: RosaMartinez23 <20161251@itoaxaca.edu.mx>
Date:   Wed May 22 18:36:04 2024 -0600

    Modificaciones interfaz Owner y Company

commit 126c7869a6458466ef8b3a5165bf93c355db5e01
Author: SoyFroylanMtz <soyfroylanmtzcarlos@gmail.com>
Date:   Tue May 21 13:30:04 2024 -0600

    Actualizando log commits

commit 46e60f193ed2171d0793c596533e5a7e5f62aa62
Merge: f7d33ec 473507c
Author: SoyFroylanMtz <139150923+SoyFroylanMtz@users.noreply.github.com>
Date:   Tue May 21 13:28:32 2024 -0600

    Merge pull request #5 from RosaMartinez23/Company
    
    Creación interfaz Company

commit 473507c8e11912db66165feb7ed7448be0938a3a
Author: RosaMartinez23 <20161251@itoaxaca.edu.mx>
Date:   Tue May 21 13:21:15 2024 -0600

    Creación interfaz Company

commit f7d33ec8b990c5d46d9837a91338e1a4dbb911b3
Author: SoyFroylanMtz <soyfroylanmtzcarlos@gmail.com>
Date:   Sun May 19 19:05:40 2024 -0600

    Actualizando log commits

commit c1d077b543b0ada402d24b3a0dc3d4da6d35ff0d
Merge: 8b18050 eec1286
Author: SoyFroylanMtz <139150923+SoyFroylanMtz@users.noreply.github.com>
Date:   Sun May 19 19:04:13 2024 -0600

    Merge pull request #4 from RosaMartinez23/Owner
    
    Creación de la interfaz Owner

commit eec1286788d39465487b9c87cc862bdf415a1afe
Author: RosaMartinez23 <20161251@itoaxaca.edu.mx>
Date:   Sun May 19 18:56:15 2024 -0600

    Creación de la interfaz Owner

commit 8b1805085f7d31216e9865fe8375fb2b9944db36
Author: SoyFroylanMtz <soyfroylanmtzcarlos@gmail.com>
Date:   Sun May 19 00:31:23 2024 -0600

    Actualizando log commits

commit 28c0440097c21d5880e991715b3872abfa56a2df
Merge: fb946b2 be2f305
Author: SoyFroylanMtz <139150923+SoyFroylanMtz@users.noreply.github.com>
Date:   Sun May 19 00:30:25 2024 -0600

    Merge pull request #3 from RosaMartinez23/login
    
    Creación Login

commit be2f305b75e822b91eed46ea0aa80725e60671d0
Author: RosaMartinez23 <20161251@itoaxaca.edu.mx>
Date:   Sun May 19 00:24:01 2024 -0600

    Creación Login

commit fb946b2012cdd4b76044e91d323bc51b3e97cf1f
Author: SoyFroylanMtz <soyfroylanmtzcarlos@gmail.com>
Date:   Fri May 17 16:41:14 2024 -0600

    Actualizando log commits

commit 21bdd0afd34cc8602bc88f5a474848c386078e6d
Merge: 1c7fd4a 0fb6ff9
Author: SoyFroylanMtz <139150923+SoyFroylanMtz@users.noreply.github.com>
Date:   Fri May 17 16:34:10 2024 -0600

    Merge pull request #2 from RosaMartinez23/eliminar
    
    Solucionando el error VitalJs

commit 0fb6ff951898a05f6e36760748c77d69ae2c50cd
Author: RosaMartinez23 <20161251@itoaxaca.edu.mx>
Date:   Fri May 17 16:31:30 2024 -0600

    Solucionando el error VitalJs

commit 1c7fd4abfb6465b5931218d8d70087e5d438a6ca
Author: SoyFroylanMtz <soyfroylanmtzcarlos@gmail.com>
Date:   Fri May 17 16:28:25 2024 -0600

    Actualizando log commit

commit ce6793ccc6512da4b62327bd503a643320ae86cc
Merge: e9940d2 0043196
Author: SoyFroylanMtz <139150923+SoyFroylanMtz@users.noreply.github.com>
Date:   Fri May 17 16:19:09 2024 -0600

    Merge pull request #1 from RosaMartinez23/cambios
    
    Preparando entorno

commit 0043196f8a920a7dfbdedda4761dc523f06b2a99
Author: RosaMartinez23 <20161251@itoaxaca.edu.mx>
Date:   Fri May 17 16:14:34 2024 -0600

    Preparando entorno

commit e9940d237546e6a83822661d4dd6a7b63b0c9a4c
Author: SoyFroylanMtz <soyfroylanmtzcarlos@gmail.com>
Date:   Fri May 17 15:59:27 2024 -0600

    Inicializando Proyecto

commit efd4d48a1663daf76efbb26259fc27cb1ed7be1f
Author: SoyFroylanMtz <soyfroylanmtzcarlos@gmail.com>
Date:   Fri May 17 15:56:58 2024 -0600

    Initialize project using Create React App
